[2026-01-24 20:27:49] [Info] 系統初始化完成，正在載入模組...
[2026-01-24 20:28:00] [Info] 系統初始化完成，正在載入模組...
[2026-01-24 20:31:40] [Info] 正在載入模組...
[2026-01-24 20:32:04] [Info] 正在載入模組...
[2026-01-24 20:32:07] [Info] 正在載入模組...
[2026-01-24 20:35:09] [Info] 正在載入腳本...
[2026-01-24 20:35:10] [Info] >>> 正在啟動 [銀行資產] 模組...
[2026-01-24 20:35:10] [Info] 已載入帳戶列表 (7 筆)
[2026-01-24 20:35:19] [Info] ✅ 已暫存: 20260124 | 富邦 | 2000
[2026-01-24 20:35:29] [Info] ✅ 已暫存: 20260124 | 將來 | 10005
[2026-01-24 20:35:32] [Info] ✅ 成功匯出 CSV: output\20260124_bank_assets.csv (筆數: 2)
[2026-01-24 20:35:44] [Info] >>> 正在啟動 [股票庫存] 模組...
[2026-01-24 20:35:54] [Warning] 此欄位為必填，請重新輸入 (或輸入 'q' 離開)
[2026-01-24 20:40:00] [Info] 正在載入腳本...
[2026-01-24 20:40:03] [Info] >>> 正在啟動 [股票庫存] 模組...
[2026-01-24 20:40:03] [Info] 已載入股票列表 (16 筆)
[2026-01-24 20:41:58] [Info] ✅ 已暫存: 長興 (1717) | 200 股
[2026-01-24 20:42:42] [Warning] ❌ 日期不合法 (範例: 20260120)，請重新輸入
[2026-01-24 20:42:54] [Info] ✅ 已暫存: 富邦台50 (6208) | 233 股
[2026-01-24 20:43:02] [Info] ✅ 成功匯出 CSV: output\20260124_stock_holdings.csv (筆數: 2)
[2026-01-24 20:46:20] [Info] 正在載入腳本...
[2026-01-24 20:46:22] [Info] >>> 正在啟動 [股票庫存] 模組...
[2026-01-24 20:46:22] [Info] 已載入股票列表 (16 筆)
[2026-01-24 20:46:48] [Info] ✅ 已更新 stock_list.txt
[2026-01-24 20:46:48] [Info] 已載入股票列表 (16 筆)
[2026-01-24 20:47:00] [Info] ✅ 已暫存: 長興 (1717) | 100 股
[2026-01-24 20:47:08] [Info] ✅ 成功匯出 CSV: output\20260124_stock_holdings.csv (筆數: 1)
[2026-01-24 20:47:12] [Info] >>> 正在啟動 [股票庫存] 模組...
[2026-01-24 20:47:12] [Info] 已載入股票列表 (16 筆)
[2026-01-24 20:47:22] [Info] 正在載入腳本...
[2026-01-24 20:47:23] [Info] >>> 正在啟動 [股票庫存] 模組...
[2026-01-24 20:47:23] [Info] 已載入股票列表 (16 筆)
[2026-01-24 20:50:23] [Info] 正在載入腳本...
[2026-01-24 20:50:26] [Info] >>> 正在啟動 [股票庫存] 模組...
[2026-01-24 20:50:26] [Info] 已載入股票列表 (17 筆)
[2026-01-24 20:52:13] [Info] 正在載入腳本...
[2026-01-24 20:52:15] [Info] >>> 正在啟動 [股票庫存] 模組...
[2026-01-24 20:52:15] [Info] 已載入股票列表 (17 筆)
[2026-01-24 20:52:24] [Info] ✅ 已暫存: 地平線機器人-W (9660) | 100 股
[2026-01-24 20:52:28] [Info] ✅ 成功匯出 CSV: output\20260124_stock_holdings.csv (筆數: 1)
[2026-01-24 20:58:43] [Info] 正在載入腳本...
[2026-01-24 20:58:46] [Info] >>> 正在啟動 [股票庫存] 模組...
[2026-01-24 20:58:46] [Info] 已載入股票列表 (17 筆)
[2026-01-24 20:58:56] [Warning] 此欄位為必填，請重新輸入 (或輸入 'q' 離開)
[2026-01-24 20:59:10] [Info] ✅ 已暫存: 長興 | 市值: 12760 | 損益: -820 (-6.04%)
[2026-01-24 20:59:20] [Info] ✅ 成功匯出 CSV: output\20260124_stock_holdings.csv (筆數: 1)
[2026-01-24 21:02:29] [Info] 正在載入腳本...
[2026-01-24 21:02:31] [Info] >>> 正在啟動 [股票庫存] 模組...
[2026-01-24 21:02:31] [Info] 已載入股票列表 (17 筆)
[2026-01-24 21:02:55] [Info] ✅ 已暫存: 長興 | 市值: 12717 | 損益: -868 (-6.39%)
[2026-01-24 21:03:06] [Error] ❌ 匯出失敗: 由於另一個處理序正在使用檔案 'C:\Users\User\OneDrive\桌面\person\自己\金融\person_dashboard\output\20260124_stock_holdings.csv'，所以無法存取該檔案。
[2026-01-24 21:03:31] [Info] >>> 正在啟動 [股票庫存] 模組...
[2026-01-24 21:03:31] [Info] 已載入股票列表 (17 筆)
[2026-01-24 21:03:40] [Info] ✅ 已暫存: 長興 | 市值: 12717 | 損益: -868 (-6.39%)
[2026-01-24 21:03:42] [Info] ✅ 成功匯出 CSV: output\20260124_stock_holdings.csv (筆數: 1)
[2026-01-24 21:05:28] [Info] 正在載入腳本...
[2026-01-24 21:05:30] [Info] >>> 正在啟動 [已實現損益] 模組...
[2026-01-24 21:05:33] [Warning] 此欄位為必填，請重新輸入 (或輸入 'q' 離開)
[2026-01-24 21:05:35] [Warning] 無資料需要匯出。
[2026-01-24 21:05:47] [Info] >>> 正在啟動 [股票庫存] 模組...
[2026-01-24 21:05:47] [Info] 已載入股票列表 (17 筆)
[2026-01-24 21:05:51] [Warning] 無資料需要匯出。
[2026-01-24 21:08:59] [Info] 正在載入腳本...
[2026-01-24 21:09:01] [Info] >>> 正在啟動 [已實現損益] 模組...
[2026-01-24 21:09:01] [Info] 已載入股票列表 (17 筆)
[2026-01-24 21:09:29] [Info] ✅ 已暫存: 地平線機器人-W | 2522
[2026-01-24 21:09:37] [Info] ✅ 成功匯出 CSV: output\20260124_realized_pnl.csv (筆數: 1)
[2026-01-24 21:12:40] [Info] >>> 正在啟動 [已實現損益] 模組...
[2026-01-24 21:12:40] [Info] 已載入股票列表 (17 筆)
[2026-01-24 21:12:51] [Warning] 無資料需要匯出。
[2026-01-24 21:12:55] [Info] 正在載入腳本...
[2026-01-24 21:12:56] [Info] >>> 正在啟動 [已實現損益] 模組...
[2026-01-24 21:12:56] [Info] 已載入股票列表 (17 筆)
[2026-01-24 21:13:29] [Info] ✅ 已暫存: 群創 | 損益: 5520 (26.82%)
[2026-01-24 21:13:41] [Info] ✅ 成功匯出 CSV: output\20260124_realized_pnl.csv (筆數: 1)
[2026-01-24 21:15:14] [Info] 正在載入腳本...
[2026-01-24 21:15:43] [Info] 正在載入腳本...
[2026-01-24 21:23:57] [Info] 正在載入腳本...
[2026-01-24 21:23:59] [Info] >>> 正在啟動 [股票庫存] 模組...
[2026-01-24 21:23:59] [Info] 已載入股票列表 (17 筆)
[2026-01-24 21:24:04] [Warning] 無資料需要匯出。
[2026-01-24 21:24:06] [Info] >>> 正在啟動 [銀行資產] 模組...
[2026-01-24 21:24:06] [Info] 已載入帳戶列表 (7 筆)
[2026-01-24 21:24:11] [Warning] 無資料需要匯出。
[2026-01-24 21:24:13] [Info] >>> 正在啟動 [股票庫存] 模組...
[2026-01-24 21:24:13] [Info] 已載入股票列表 (17 筆)
[2026-01-24 21:28:11] [Warning] 無資料需要匯出。
[2026-01-24 21:28:15] [Info] 正在載入腳本...
[2026-01-24 21:28:16] [Info] >>> 正在啟動 [股票庫存] 模組...
[2026-01-24 21:28:17] [Info] 已載入股票列表 (17 筆)
[2026-01-24 21:29:15] [Warning] 無資料需要匯出。
[2026-01-24 21:29:20] [Info] 正在載入腳本...
[2026-01-24 21:29:22] [Info] >>> 正在啟動 [股票庫存] 模組...
[2026-01-24 21:29:22] [Info] 已載入股票列表 (17 筆)
[2026-01-24 21:29:33] [Info] ✅ 已暫存: 富邦台50 | 市值: 122 | 損益: 0 (0%)
[2026-01-24 21:30:05] [Info] ✅ 成功匯出 CSV: output\20260124_stock_holdings.csv (筆數: 1)
[2026-01-24 21:31:47] [Info] 正在載入腳本...
[2026-01-24 21:31:48] [Info] >>> 正在啟動 [股票庫存] 模組...
[2026-01-24 21:31:48] [Info] 已載入股票列表 (17 筆)
[2026-01-24 21:32:19] [Warning] 無資料需要匯出。
[2026-01-24 21:39:31] [Info] 正在載入腳本...
[2026-01-24 21:39:32] [Info] >>> 正在啟動 [銀行資產] 模組...
[2026-01-24 21:40:02] [Info] 正在載入腳本...
[2026-01-24 21:40:03] [Info] >>> 正在啟動 [股票庫存] 模組...
[2026-01-24 21:40:03] [Info] 已載入股票列表 (17 筆)
[2026-01-24 21:40:12] [Info] ✅ 已暫存: 群益科技高息成長 | 市值: 125 | 損益: -910 (-87.92%)
[2026-01-24 21:40:17] [Info] ✅ 成功匯出 CSV: output\20260124_stock_holdings.csv (筆數: 1)
[2026-01-24 21:40:19] [Info] >>> 正在啟動 [銀行資產] 模組...
[2026-01-24 21:40:19] [Info] 已載入帳戶列表 (7 筆)
[2026-01-24 21:40:25] [Info] ✅ 已暫存: 2026-01-24 | 將來 | 1585
[2026-01-24 21:40:27] [Info] ✅ 成功匯出 CSV: output\20260124_bank_assets.csv (筆數: 1)
[2026-01-24 21:40:30] [Info] >>> 正在啟動 [已實現損益] 模組...
[2026-01-24 21:40:30] [Info] 已載入股票列表 (17 筆)
[2026-01-24 21:40:41] [Info] ✅ 已暫存: 地平線機器人-W | 損益: 4020 (15.48%)
[2026-01-24 21:40:43] [Info] ✅ 成功匯出 CSV: output\20260124_realized_pnl.csv (筆數: 1)
[2026-01-24 21:42:41] [Info] 正在載入腳本...
[2026-01-24 21:42:43] [Info] >>> 正在啟動 [銀行資產] 模組...
[2026-01-24 21:42:43] [Info] 已載入帳戶列表 (7 筆)
[2026-01-24 21:42:47] [Info] ✅ 已暫存: 2026/01/24 | 將來 | 1282
[2026-01-24 21:42:51] [Info] ✅ 成功匯出 CSV: output\20260124_bank_assets.csv (筆數: 1)
[2026-01-24 21:42:53] [Info] >>> 正在啟動 [股票庫存] 模組...
[2026-01-24 21:42:53] [Info] 已載入股票列表 (17 筆)
[2026-01-24 21:43:07] [Info] ✅ 已暫存: 士電 | 市值: 78965 | 損益: 10542 (15.41%)
[2026-01-24 21:43:10] [Info] ✅ 成功匯出 CSV: output\20260124_stock_holdings.csv (筆數: 1)
[2026-01-24 21:43:12] [Info] >>> 正在啟動 [已實現損益] 模組...
[2026-01-24 21:43:12] [Info] 已載入股票列表 (17 筆)
[2026-01-24 21:43:25] [Info] ✅ 已暫存: 富邦台50 | 損益: 2783 (53.29%)
[2026-01-24 21:43:26] [Info] ✅ 成功匯出 CSV: output\20260124_realized_pnl.csv (筆數: 1)
[2026-01-24 21:47:23] [Info] 正在載入腳本...
[2026-01-24 21:48:51] [Info] 正在載入腳本...
[2026-01-24 21:48:53] [Info] >>> 正在啟動 [資料合併] 模組...
[2026-01-24 21:49:08] [Info] ✅ 合併成功: 2026_ANNUAL_stock_holdings.csv (共 4 筆資料)
[2026-01-24 21:49:08] [Info] ✅ 合併成功: 2026_ANNUAL_bank_assets.csv (共 11 筆資料)
[2026-01-24 21:49:08] [Info] ✅ 合併成功: 2026_ANNUAL_realized_pnl.csv (共 3 筆資料)
[2026-01-24 21:54:45] [Info] 正在載入腳本...
[2026-01-24 21:54:47] [Info] >>> 正在啟動 [資料合併] 模組...
[2026-01-24 21:54:50] [Info] ✅ 合併成功: 2026_ANNUAL_stock_holdings.csv (共 4 筆資料)
[2026-01-24 21:54:50] [Info] ✅ 合併成功: 2026_ANNUAL_bank_assets.csv (共 11 筆資料)
[2026-01-24 21:54:50] [Info] ✅ 合併成功: 2026_ANNUAL_realized_pnl.csv (共 3 筆資料)
[2026-01-24 21:55:28] [Info] >>> 正在啟動 [資料合併] 模組...
[2026-01-24 21:55:28] [Info] ✅ 合併成功: 2026_ANNUAL_stock_holdings.csv (共 4 筆資料)
[2026-01-24 21:55:28] [Info] ✅ 合併成功: 2026_ANNUAL_bank_assets.csv (共 11 筆資料)
[2026-01-24 21:55:28] [Info] ✅ 合併成功: 2026_ANNUAL_realized_pnl.csv (共 3 筆資料)
[2026-01-24 21:58:06] [Info] 正在載入腳本...
[2026-01-24 21:58:07] [Info] >>> 正在啟動 [資料合併] 模組...
[2026-01-24 21:58:08] [Info] ✅ 合併成功: 2026_ANNUAL_stock_holdings.csv (共 4 筆資料)
[2026-01-24 21:58:08] [Info] ✅ 合併成功: 2026_ANNUAL_bank_assets.csv (共 11 筆資料)
[2026-01-24 21:58:08] [Info] ✅ 合併成功: 2026_ANNUAL_realized_pnl.csv (共 3 筆資料)
[2026-01-24 21:58:26] [Info] >>> 正在啟動 [資料合併] 模組...
[2026-01-24 21:58:26] [Info] ✅ 合併成功: 2026_ANNUAL_stock_holdings.csv (共 4 筆資料)
[2026-01-24 21:58:27] [Info] ✅ 合併成功: 2026_ANNUAL_bank_assets.csv (共 11 筆資料)
[2026-01-24 21:58:27] [Info] ✅ 合併成功: 2026_ANNUAL_realized_pnl.csv (共 3 筆資料)
[2026-01-24 22:00:34] [Info] 正在載入腳本...
[2026-01-24 22:00:36] [Info] >>> 正在啟動 [資料合併] 模組...
[2026-01-24 22:00:36] [Info] ✅ 合併成功: 2026_ANNUAL_stock_holdings.csv (共 4 筆資料)
[2026-01-24 22:00:36] [Info] ✅ 合併成功: 2026_ANNUAL_bank_assets.csv (共 11 筆資料)
[2026-01-24 22:00:36] [Info] ✅ 合併成功: 2026_ANNUAL_realized_pnl.csv (共 3 筆資料)
[2026-01-24 22:02:17] [Info] 正在載入腳本...
[2026-01-24 22:02:19] [Info] >>> 正在啟動 [資料合併] 模組...
[2026-01-24 22:02:19] [Info] ✅ 合併成功: 2026_ANNUAL_stock_holdings.csv (共 4 筆資料)
[2026-01-24 22:02:19] [Info] ✅ 合併成功: 2026_ANNUAL_bank_assets.csv (共 11 筆資料)
[2026-01-24 22:02:19] [Info] ✅ 合併成功: 2026_ANNUAL_realized_pnl.csv (共 3 筆資料)
[2026-01-24 22:08:59] [Info] 正在載入腳本...
[2026-01-24 22:09:01] [Info] >>> 正在啟動 [資料合併] 模組...
[2026-01-24 22:09:01] [Info] 已載入股票列表 (17 筆)
[2026-01-24 22:09:01] [Info] 已載入股票對照表 (共 17 筆)，將自動統一 CSV 代號格式
[2026-01-24 22:09:01] [Info] ✅ 合併成功: 2026_ANNUAL_stock_holdings.csv (共 4 筆資料)
[2026-01-24 22:09:01] [Info] ✅ 合併成功: 2026_ANNUAL_bank_assets.csv (共 11 筆資料)
[2026-01-24 22:09:01] [Info] ✅ 合併成功: 2026_ANNUAL_realized_pnl.csv (共 3 筆資料)
[2026-01-24 22:09:47] [Info] >>> 正在啟動 [資料合併] 模組...
[2026-01-24 22:09:48] [Info] 已載入股票列表 (17 筆)
[2026-01-24 22:09:48] [Info] 已載入股票對照表 (共 17 筆)，將自動統一 CSV 代號格式
[2026-01-24 22:09:48] [Info] ✅ 合併成功: 2026_ANNUAL_stock_holdings.csv (共 4 筆資料)
[2026-01-24 22:09:48] [Info] ✅ 合併成功: 2026_ANNUAL_bank_assets.csv (共 11 筆資料)
[2026-01-24 22:09:48] [Info] ✅ 合併成功: 2026_ANNUAL_realized_pnl.csv (共 3 筆資料)
[2026-01-24 22:21:45] [Info] 正在載入腳本...
[2026-01-24 22:21:47] [Info] >>> 正在啟動 [銀行資產] 模組...
[2026-01-24 22:21:47] [Info] 已載入帳戶列表 (7 筆)
[2026-01-24 22:21:57] [Info] ✅ 已暫存: 2025/03/05 | 富邦 | 3478
[2026-01-24 22:22:05] [Info] ✅ 已暫存: 2025/03/05 | 將來 | 1609
[2026-01-24 22:22:13] [Info] ✅ 已暫存: 2025/03/05 | 國泰證券交割戶 | 291
[2026-01-24 22:22:20] [Info] ✅ 已暫存: 2025/03/05 | 國泰(青年子帳戶) | 45000
[2026-01-24 22:22:33] [Info] ✅ 已暫存: 2025/03/05 | LINEPAY | 1611
[2026-01-24 22:22:48] [Info] ✅ 成功匯出 CSV: output\20260124_bank_assets.csv (筆數: 5)
[2026-01-24 22:26:50] [Info] >>> 正在啟動 [銀行資產] 模組...
[2026-01-24 22:26:50] [Info] 已載入帳戶列表 (7 筆)
[2026-01-24 22:37:27] [Info] 正在載入腳本...
[2026-01-24 22:37:30] [Info] >>> 正在啟動 [銀行資產] 模組...
[2026-01-24 22:37:30] [Info] 已載入帳戶列表 (7 筆)
[2026-01-24 22:37:37] [Info] ✅ 已暫存: 2026/01/24 | 富邦 | 2465
[2026-01-24 22:37:40] [Info] ✅ 已暫存: 2026/01/24 | 國泰證券交割戶 | 5594
[2026-01-24 22:37:45] [Info] ✅ 已暫存: 2026/01/24 | 國泰(青年子帳戶) | 5936
[2026-01-24 22:37:47] [Info] ✅ 成功匯出 CSV: output\20260124_bank_assets.csv (筆數: 3)
[2026-01-24 22:37:58] [Info] 正在載入腳本...
[2026-01-24 22:37:59] [Info] >>> 正在啟動 [資料合併] 模組...
[2026-01-24 22:38:01] [Info] 已載入股票列表 (17 筆)
[2026-01-24 22:38:01] [Info] 已載入股票對照表 (共 17 筆)，將自動統一 CSV 代號格式
[2026-01-24 22:38:01] [Warning] ⚠️  無檔案: [股票庫存] (找不到符合 2025*_stock_holdings.csv 的檔案)
[2026-01-24 22:38:01] [Info] ✅ 合併成功: 2025_ANNUAL_bank_assets.csv (共 67 筆資料)
[2026-01-24 22:38:01] [Warning] ⚠️  無檔案: [已實現損益] (找不到符合 2025*_realized_pnl.csv 的檔案)
[2026-01-24 22:51:16] [Info] 正在載入腳本...
[2026-01-24 22:51:18] [Info] >>> 正在啟動 [資料合併] 模組...
[2026-01-24 22:51:21] [Info] 已載入股票列表 (17 筆)
[2026-01-24 22:51:21] [Info] 已載入股票對照表 (共 17 筆)，將自動統一 CSV 代號格式
[2026-01-24 22:51:21] [Info] ✅ 合併成功: 2026_ANNUAL_stock_holdings.csv (共 11 筆資料)
[2026-01-24 22:51:21] [Info] ✅ 合併成功: 2026_ANNUAL_bank_assets.csv (共 20 筆資料)
[2026-01-24 22:51:25] [Info] ✅ 合併成功: ALL_HISTORY_realized_pnl.csv (共 16 筆資料)
